1504879342023	geckodriver	INFO	geckodriver 0.18.0
1504879342035	geckodriver	INFO	Listening on 127.0.0.1:1817
1504879344117	geckodriver::marionette	INFO	Starting browser C:\Program Files (x86)\Mozilla Firefox\firefox.exe with args ["-marionette"]
1504879352087	Marionette	INFO	Listening on port 1826
1504879352503	Marionette	WARN	TLS certificate errors will be ignored for this session
JavaScript error: http://ads.us.e-planning.net/ermt/4/12be0/891d0d752838a806?i=36eec7dde9141864&fi=3b8431ba8ebcfe9a&pb=b23e2ab9953ec0ba&S=1ab&rnd=0.32161664614283125&pb=b23e2ab9953ec0ba&fi=dd559c2219da74de&rnd=0.32161664614283125&ur=http://paginasblancas.pe/direccion/s/carlos-izaguirre-2/los-olivos&&f=j&at=0&t=0, line 1: ReferenceError: eplDoc is not defined
1504942008946	geckodriver	INFO	geckodriver 0.18.0
1504942009003	geckodriver	INFO	Listening on 127.0.0.1:10866
1504942011008	geckodriver::marionette	INFO	Starting browser C:\Program Files (x86)\Mozilla Firefox\firefox.exe with args ["-marionette"]
1504942016726	Marionette	INFO	Listening on port 10875
1504942017356	Marionette	WARN	TLS certificate errors will be ignored for this session
JavaScript error: http://ads.us.e-planning.net/ermt/4/12be0/891d0d752838a806?i=fcb6691b2503b402&fi=3f383f2e6b7de2cb&pb=c05e60d0f4b9b85d&S=1ab&rnd=0.5954447975597319&pb=c05e60d0f4b9b85d&fi=34a108740c492546&rnd=0.5954447975597319&ur=http://paginasblancas.pe/direccion/s/carlos-izaguirre-2/los-olivos&&f=j&at=0&t=0, line 1: ReferenceError: eplDoc is not defined
1504942041955	Marionette	INFO	Ceased listening
1504942428038	geckodriver	INFO	geckodriver 0.18.0
1504942428044	geckodriver	INFO	Listening on 127.0.0.1:10966
1504942430052	geckodriver::marionette	INFO	Starting browser C:\Program Files (x86)\Mozilla Firefox\firefox.exe with args ["-marionette"]
1504942434007	Marionette	INFO	Listening on port 10973
1504942434356	Marionette	WARN	TLS certificate errors will be ignored for this session
JavaScript error: http://ads.us.e-planning.net/ermt/4/12be0/891d0d752838a806?i=ae9b8a29314cc927&fi=ba43154114ea0af0&pb=c05e60d0f4b9b85d&S=1b4&rnd=0.623712290356801&pb=c05e60d0f4b9b85d&fi=ba43154114ea0af0&rnd=0.623712290356801&ur=http://paginasblancas.pe/direccion/s/carlos-izaguirre-2/los-olivos&&f=j&at=0&t=0, line 1: ReferenceError: eplDoc is not defined
1504942696993	Marionette	INFO	Ceased listening
0
1504942556252	geckodriver	INFO	Listening on 127.0.0.1:11058
1504942558279	geckodriver::marionette	INFO	Starting browser C:\Program Files (x86)\Mozilla Firefox\firefox.exe with args ["-marionette"]
1504942562354	Marionette	INFO	Listening on port 11065
1504942563019	Marionette	WARN	TLS certificate errors will be ignored for this session
JavaScript error: http://ads.us.e-planning.net/ermt/4/12be0/891d0d752838a806?i=6b4d4f9b64fb04ad&fi=422c224170e79850&pb=dac6136d62dea68a&S=1b6&rnd=0.5920898726271654&pb=dac6136d62dea68a&fi=2481b33e4801e58b&rnd=0.5920898726271654&ur=http://paginasblancas.pe/direccion/s/carlos-izaguirre-2/los-olivos&&f=j&at=0&t=0, line 1: ReferenceError: eplDoc is not defined
JavaScript error: http://aklc.img.e-planning.net/layers/epl-41.js, line 179: SecurityError: Permission denied to access property "innerHeight" on cross-origin object
JavaScript error: http://aklc.img.e-planning.net/layers/epl-41.js, line 179: SecurityError: Permission denied to access property "innerHeight" on cross-origin object
JavaScript error: http://ads.us.e-planning.net/ermt/4/12be0/891d0d752838a806?i=8cb830c34cd21485&fi=376aa29d429ac9dd&pb=4863099a741c6aad&S=1b6&rnd=0.8073230024717074&pb=4863099a741c6aad&fi=376aa29d429ac9dd&rnd=0.8073230024717074&ur=http://www.paginasblancas.com.pe/direccion/s/carlos-izaguirre-2/los-olivos/p-2&&f=j&at=0&t=0, line 1: ReferenceError: eplDoc is not defined
JavaScript error: http://ads.us.e-planning.net/ermt/4/12be0/891d0d752838a806?i=8570fd577b8a0678&fi=42f46702dd8e3521&pb=93d61503dec17a3d&S=1b6&rnd=0.05703883078593108&pb=93d61503dec17a3d&fi=42f46702dd8e3521&rnd=0.05703883078593108&ur=http://www.paginasblancas.com.pe/direccion/s/carlos-izaguirre-2/los-olivos/p-3&&f=j&at=0&t=0, line 1: ReferenceError: eplDoc is not defined
JavaScript error: http://ads.us.e-planning.net/ermt/4/12be0/891d0d752838a806?i=4afe234b3947e5dd&fi=da13c0967f5021a4&pb=270f07f96befd306&S=1b6&rnd=0.11344774839118887&pb=270f07f96befd306&fi=3118e1fe1bca95fb&rnd=0.11344774839118887&ur=http://www.paginasblancas.com.pe/direccion/s/carlos-izaguirre-2/los-olivos/p-4&&f=j&at=0&t=0, line 1: ReferenceError: eplDoc is not defined
JavaScript error: http://ads.us.e-planning.net/ermt/4/12be0/891d0d752838a806?i=a127f1913bec1b81&fi=4fca2c921c800b65&pb=4863099a741c6aad&S=1b6&rnd=0.6685182785550958&pb=4863099a741c6aad&fi=4fca2c921c800b65&rnd=0.6685182785550958&ur=http://www.paginasblancas.com.pe/direccion/s/carlos-izaguirre-2/los-olivos/p-5&&f=j&at=0&t=0, line 1: ReferenceError: eplDoc is not defined
JavaScript error: http://ads.us.e-planning.net/ermt/4/12be0/891d0d752838a806?i=784c760b19ce1c1d&fi=a1102d8deba522a0&pb=93d61503dec17a3d&S=1b6&rnd=0.42611997146511227&pb=93d61503dec17a3d&fi=c56d2d07f5a67f5f&rnd=0.42611997146511227&ur=http://www.paginasblancas.com.pe/direccion/s/carlos-izaguirre-2/los-olivos/p-6&&f=j&at=0&t=0, line 1: ReferenceError: eplDoc is not defined
JavaScript error: http://ads.us.e-planning.net/ermt/4/12be0/891d0d752838a806?i=2c65c3859759c87f&fi=7a9e46bb0d973d54&pb=c05e60d0f4b9b85d&S=1b6&rnd=0.5459373459661911&pb=c05e60d0f4b9b85d&fi=7a9e46bb0d973d54&rnd=0.5459373459661911&ur=http://www.paginasblancas.com.pe/direccion/s/carlos-izaguirre-2/los-olivos/p-7&&f=j&at=0&t=0, line 1: ReferenceError: eplDoc is not defined
JavaScript error: http://ads.us.e-planning.net/ermt/4/12be0/891d0d752838a806?i=243da0f43bd2b69e&fi=870fbd1657764b97&pb=b9fa811d2e8cb42d&S=1b6&rnd=0.15675356892330838&pb=b9fa811d2e8cb42d&fi=e661e5b7b65039ef&rnd=0.15675356892330838&ur=http://www.paginasblancas.com.pe/direccion/s/carlos-izaguirre-2/los-olivos/p-8&&f=j&at=0&t=0, line 1: ReferenceError: eplDoc is not defined
JavaScript error: http://ads.us.e-planning.net/ermt/4/12be0/891d0d752838a806?i=60e8ea7165319edd&fi=dc3bab49723068a9&pb=8f72612426b736ce&S=1b6&rnd=0.32864078389643514&pb=8f72612426b736ce&fi=3fdaa87c2fa6ad5f&rnd=0.32864078389643514&ur=http://www.paginasblancas.com.pe/direccion/s/carlos-izaguirre-2/los-olivos/p-9&&f=j&at=0&t=0, line 1: ReferenceError: eplDoc is not defined
JavaScript error: http://ads.us.e-planning.net/ermt/4/12be0/891d0d752838a806?i=0a195f09c77e4f2a&fi=1b1531b352568c9c&pb=4863099a741c6aad&S=1b6&rnd=0.408811556567803&pb=4863099a741c6aad&fi=1b1531b352568c9c&rnd=0.408811556567803&ur=http://www.paginasblancas.com.pe/direccion/s/carlos-izaguirre-2/los-olivos/p-10&&f=j&at=0&t=0, line 1: ReferenceError: eplDoc is not defined
